<?xml version="1.0" encoding="UTF-8"?>
<!-- Generated by org.testng.reporters.JUnitReportReporter -->
<testsuite skipped="0" hostname="Admin-PC" name="test.Waltmart_IT" tests="1" failures="0" timestamp="21 jul 2018 22:27:14 GMT" time="1.816" errors="0">
  <testcase name="testNumItems" time="1.816" classname="test.Waltmart_IT"/>
</testsuite> <!-- test.Waltmart_IT -->
